[2024-05-27 00:00:38,522] [139989886265152] DEBUG	logging.py - wrapper:129 -> [START] /usr/local/lib/python3.9/site-packages/ait_sdk/common/files/ait_requirements_generator.py[2]:add_package(<ait_sdk.common.files.ait_requirements_generator.AITRequirementsGenerator object at 0x7f51d22b2c70>,pandas,2.0.3)
[2024-05-27 00:00:38,523] [139989886265152] DEBUG	logging.py - wrapper:137 -> [END] /usr/local/lib/python3.9/site-packages/ait_sdk/common/files/ait_requirements_generator.py[2]:add_package()
[2024-05-27 00:00:38,524] [139989886265152] DEBUG	logging.py - wrapper:129 -> [START] /usr/local/lib/python3.9/site-packages/ait_sdk/common/files/ait_requirements_generator.py[3]:add_package(<ait_sdk.common.files.ait_requirements_generator.AITRequirementsGenerator object at 0x7f51d22b2c70>,scipy,1.9.0)
[2024-05-27 00:00:38,524] [139989886265152] DEBUG	logging.py - wrapper:137 -> [END] /usr/local/lib/python3.9/site-packages/ait_sdk/common/files/ait_requirements_generator.py[3]:add_package()
[2024-05-27 00:00:38,524] [139989886265152] DEBUG	logging.py - wrapper:129 -> [START] /usr/local/lib/python3.9/site-packages/ait_sdk/common/files/ait_requirements_generator.py[4]:add_package(<ait_sdk.common.files.ait_requirements_generator.AITRequirementsGenerator object at 0x7f51d22b2c70>,matplotlib,3.6.0)
[2024-05-27 00:00:38,525] [139989886265152] DEBUG	logging.py - wrapper:137 -> [END] /usr/local/lib/python3.9/site-packages/ait_sdk/common/files/ait_requirements_generator.py[4]:add_package()
[2024-05-27 00:00:38,532] [139989886265152] DEBUG	logging.py - wrapper:129 -> [START] /usr/local/lib/python3.9/site-packages/ait_sdk/common/files/ait_requirements_generator.py[2]:add_package(<ait_sdk.common.files.ait_requirements_generator.AITRequirementsGenerator object at 0x7f51d22b2c70>,./ait_sdk-0.1.22-py3-none-any.whl)
[2024-05-27 00:00:38,533] [139989886265152] DEBUG	logging.py - wrapper:137 -> [END] /usr/local/lib/python3.9/site-packages/ait_sdk/common/files/ait_requirements_generator.py[2]:add_package()
[2024-05-27 00:00:38,533] [139989886265152] DEBUG	logging.py - wrapper:129 -> [START] /usr/local/lib/python3.9/site-packages/ait_sdk/common/files/ait_requirements_generator.py[3]:create_requirements(<ait_sdk.common.files.ait_requirements_generator.AITRequirementsGenerator object at 0x7f51d22b2c70>,/workdir/root/develop)
[2024-05-27 00:00:38,538] [139989886265152] DEBUG	logging.py - wrapper:135 -> [END] /usr/local/lib/python3.9/site-packages/ait_sdk/common/files/ait_requirements_generator.py[3]:create_requirements() = /workdir/root/develop/requirements.txt
[2024-05-27 00:01:00,196] [139989886265152] DEBUG	__init__.py - wrapper:281 -> matplotlib data path: /usr/local/lib/python3.9/site-packages/matplotlib/mpl-data
[2024-05-27 00:01:00,204] [139989886265152] DEBUG	__init__.py - wrapper:281 -> CONFIGDIR=/root/.config/matplotlib
[2024-05-27 00:01:00,212] [139989886265152] DEBUG	__init__.py - <module>:1456 -> interactive is False
[2024-05-27 00:01:00,212] [139989886265152] DEBUG	__init__.py - <module>:1457 -> platform is linux
[2024-05-27 00:01:00,257] [139989886265152] DEBUG	__init__.py - wrapper:281 -> CACHEDIR=/root/.cache/matplotlib
[2024-05-27 00:01:00,258] [139989886265152] DEBUG	font_manager.py - __init__:1087 -> font search path [PosixPath('/usr/local/lib/python3.9/site-packages/matplotlib/mpl-data/fonts/ttf'), PosixPath('/usr/local/lib/python3.9/site-packages/matplotlib/mpl-data/fonts/afm'), PosixPath('/usr/local/lib/python3.9/site-packages/matplotlib/mpl-data/fonts/pdfcorefonts')]
[2024-05-27 00:01:00,442] [139989886265152] INFO	font_manager.py - _load_fontmanager:1624 -> generated new fontManager
[2024-05-27 00:01:00,663] [139989886265152] DEBUG	logging.py - wrapper:129 -> [START] /usr/local/lib/python3.9/site-packages/ait_sdk/common/files/ait_manifest_generator.py[4]:set_ait_name(<ait_sdk.common.files.ait_manifest_generator.AITManifestGenerator object at 0x7f51d0e37a90>,test_aitsub_syou)
[2024-05-27 00:01:00,665] [139989886265152] DEBUG	logging.py - wrapper:137 -> [END] /usr/local/lib/python3.9/site-packages/ait_sdk/common/files/ait_manifest_generator.py[4]:set_ait_name()
[2024-05-27 00:01:00,666] [139989886265152] DEBUG	logging.py - wrapper:129 -> [START] /usr/local/lib/python3.9/site-packages/ait_sdk/common/files/ait_manifest_generator.py[5]:set_ait_description(<ait_sdk.common.files.ait_manifest_generator.AITManifestGenerator object at 0x7f51d0e37a90>,【データの被覆性】を評価するため、データ内の属性組み合わせのレコード件数に着目し、レアケースやインバランスな傾向がないかを評価すること ※カテゴリー属性のみ対象となる)
[2024-05-27 00:01:00,667] [139989886265152] DEBUG	logging.py - wrapper:137 -> [END] /usr/local/lib/python3.9/site-packages/ait_sdk/common/files/ait_manifest_generator.py[5]:set_ait_description()
[2024-05-27 00:01:00,669] [139989886265152] DEBUG	logging.py - wrapper:129 -> [START] /usr/local/lib/python3.9/site-packages/ait_sdk/common/files/ait_manifest_generator.py[6]:set_ait_source_repository(<ait_sdk.common.files.ait_manifest_generator.AITManifestGenerator object at 0x7f51d0e37a90>,https://github.com/SYOUHI/test_aithub_syou)
[2024-05-27 00:01:00,669] [139989886265152] DEBUG	logging.py - wrapper:137 -> [END] /usr/local/lib/python3.9/site-packages/ait_sdk/common/files/ait_manifest_generator.py[6]:set_ait_source_repository()
[2024-05-27 00:01:00,670] [139989886265152] DEBUG	logging.py - wrapper:129 -> [START] /usr/local/lib/python3.9/site-packages/ait_sdk/common/files/ait_manifest_generator.py[7]:set_ait_version(<ait_sdk.common.files.ait_manifest_generator.AITManifestGenerator object at 0x7f51d0e37a90>,1.0)
[2024-05-27 00:01:00,670] [139989886265152] DEBUG	logging.py - wrapper:137 -> [END] /usr/local/lib/python3.9/site-packages/ait_sdk/common/files/ait_manifest_generator.py[7]:set_ait_version()
[2024-05-27 00:01:00,670] [139989886265152] DEBUG	logging.py - wrapper:129 -> [START] /usr/local/lib/python3.9/site-packages/ait_sdk/common/files/ait_manifest_generator.py[8]:add_ait_licenses(<ait_sdk.common.files.ait_manifest_generator.AITManifestGenerator object at 0x7f51d0e37a90>,Apache License Version 2.0)
[2024-05-27 00:01:00,671] [139989886265152] DEBUG	logging.py - wrapper:137 -> [END] /usr/local/lib/python3.9/site-packages/ait_sdk/common/files/ait_manifest_generator.py[8]:add_ait_licenses()
[2024-05-27 00:01:00,671] [139989886265152] DEBUG	logging.py - wrapper:129 -> [START] /usr/local/lib/python3.9/site-packages/ait_sdk/common/files/ait_manifest_generator.py[9]:add_ait_keywords(<ait_sdk.common.files.ait_manifest_generator.AITManifestGenerator object at 0x7f51d0e37a90>,Data Coverage)
[2024-05-27 00:01:00,671] [139989886265152] DEBUG	logging.py - wrapper:137 -> [END] /usr/local/lib/python3.9/site-packages/ait_sdk/common/files/ait_manifest_generator.py[9]:add_ait_keywords()
[2024-05-27 00:01:00,671] [139989886265152] DEBUG	logging.py - wrapper:129 -> [START] /usr/local/lib/python3.9/site-packages/ait_sdk/common/files/ait_manifest_generator.py[10]:add_ait_keywords(<ait_sdk.common.files.ait_manifest_generator.AITManifestGenerator object at 0x7f51d0e37a90>,Recode Count)
[2024-05-27 00:01:00,672] [139989886265152] DEBUG	logging.py - wrapper:137 -> [END] /usr/local/lib/python3.9/site-packages/ait_sdk/common/files/ait_manifest_generator.py[10]:add_ait_keywords()
[2024-05-27 00:01:00,672] [139989886265152] DEBUG	logging.py - wrapper:129 -> [START] /usr/local/lib/python3.9/site-packages/ait_sdk/common/files/ait_manifest_generator.py[11]:set_ait_quality(<ait_sdk.common.files.ait_manifest_generator.AITManifestGenerator object at 0x7f51d0e37a90>,https://ait-hub.pj.aist.go.jp/ait-hub/api/0.0.1/qualityDimensions/機械学習品質マネジメントガイドライン第三版/B-1データセットの被覆性)
[2024-05-27 00:01:00,672] [139989886265152] DEBUG	logging.py - wrapper:137 -> [END] /usr/local/lib/python3.9/site-packages/ait_sdk/common/files/ait_manifest_generator.py[11]:set_ait_quality()
[2024-05-27 00:01:00,672] [139989886265152] DEBUG	logging.py - wrapper:129 -> [START] /usr/local/lib/python3.9/site-packages/ait_sdk/common/files/ait_manifest_generator.py[12]:format_ait_inventory_requirement(<ait_sdk.common.files.ait_manifest_generator.AITManifestGenerator object at 0x7f51d0e37a90>)
[2024-05-27 00:01:00,672] [139989886265152] DEBUG	logging.py - wrapper:135 -> [END] /usr/local/lib/python3.9/site-packages/ait_sdk/common/files/ait_manifest_generator.py[12]:format_ait_inventory_requirement() = {'format': ['csv']}
[2024-05-27 00:01:00,673] [139989886265152] DEBUG	logging.py - wrapper:129 -> [START] /usr/local/lib/python3.9/site-packages/ait_sdk/common/files/ait_manifest_generator.py[13]:add_ait_inventories(<ait_sdk.common.files.ait_manifest_generator.AITManifestGenerator object at 0x7f51d0e37a90>)
[2024-05-27 00:01:00,673] [139989886265152] DEBUG	logging.py - wrapper:137 -> [END] /usr/local/lib/python3.9/site-packages/ait_sdk/common/files/ait_manifest_generator.py[13]:add_ait_inventories()
[2024-05-27 00:01:00,673] [139989886265152] DEBUG	logging.py - wrapper:129 -> [START] /usr/local/lib/python3.9/site-packages/ait_sdk/common/files/ait_manifest_generator.py[17]:add_ait_parameters(<ait_sdk.common.files.ait_manifest_generator.AITManifestGenerator object at 0x7f51d0e37a90>)
[2024-05-27 00:01:00,673] [139989886265152] DEBUG	logging.py - wrapper:137 -> [END] /usr/local/lib/python3.9/site-packages/ait_sdk/common/files/ait_manifest_generator.py[17]:add_ait_parameters()
[2024-05-27 00:01:00,673] [139989886265152] DEBUG	logging.py - wrapper:129 -> [START] /usr/local/lib/python3.9/site-packages/ait_sdk/common/files/ait_manifest_generator.py[21]:add_ait_parameters(<ait_sdk.common.files.ait_manifest_generator.AITManifestGenerator object at 0x7f51d0e37a90>)
[2024-05-27 00:01:00,674] [139989886265152] DEBUG	logging.py - wrapper:137 -> [END] /usr/local/lib/python3.9/site-packages/ait_sdk/common/files/ait_manifest_generator.py[21]:add_ait_parameters()
[2024-05-27 00:01:00,674] [139989886265152] DEBUG	logging.py - wrapper:129 -> [START] /usr/local/lib/python3.9/site-packages/ait_sdk/common/files/ait_manifest_generator.py[25]:add_ait_parameters(<ait_sdk.common.files.ait_manifest_generator.AITManifestGenerator object at 0x7f51d0e37a90>)
[2024-05-27 00:01:00,674] [139989886265152] DEBUG	logging.py - wrapper:137 -> [END] /usr/local/lib/python3.9/site-packages/ait_sdk/common/files/ait_manifest_generator.py[25]:add_ait_parameters()
[2024-05-27 00:01:00,674] [139989886265152] DEBUG	logging.py - wrapper:129 -> [START] /usr/local/lib/python3.9/site-packages/ait_sdk/common/files/ait_manifest_generator.py[29]:add_ait_measures(<ait_sdk.common.files.ait_manifest_generator.AITManifestGenerator object at 0x7f51d0e37a90>)
[2024-05-27 00:01:00,674] [139989886265152] DEBUG	logging.py - wrapper:137 -> [END] /usr/local/lib/python3.9/site-packages/ait_sdk/common/files/ait_manifest_generator.py[29]:add_ait_measures()
[2024-05-27 00:01:00,674] [139989886265152] DEBUG	logging.py - wrapper:129 -> [START] /usr/local/lib/python3.9/site-packages/ait_sdk/common/files/ait_manifest_generator.py[34]:add_ait_resources(<ait_sdk.common.files.ait_manifest_generator.AITManifestGenerator object at 0x7f51d0e37a90>)
[2024-05-27 00:01:00,674] [139989886265152] DEBUG	logging.py - wrapper:137 -> [END] /usr/local/lib/python3.9/site-packages/ait_sdk/common/files/ait_manifest_generator.py[34]:add_ait_resources()
[2024-05-27 00:01:00,675] [139989886265152] DEBUG	logging.py - wrapper:129 -> [START] /usr/local/lib/python3.9/site-packages/ait_sdk/common/files/ait_manifest_generator.py[37]:add_ait_downloads(<ait_sdk.common.files.ait_manifest_generator.AITManifestGenerator object at 0x7f51d0e37a90>)
[2024-05-27 00:01:00,675] [139989886265152] DEBUG	logging.py - wrapper:137 -> [END] /usr/local/lib/python3.9/site-packages/ait_sdk/common/files/ait_manifest_generator.py[37]:add_ait_downloads()
[2024-05-27 00:01:00,675] [139989886265152] DEBUG	logging.py - wrapper:129 -> [START] /usr/local/lib/python3.9/site-packages/ait_sdk/common/files/ait_manifest_generator.py[39]:add_ait_downloads(<ait_sdk.common.files.ait_manifest_generator.AITManifestGenerator object at 0x7f51d0e37a90>)
[2024-05-27 00:01:00,675] [139989886265152] DEBUG	logging.py - wrapper:137 -> [END] /usr/local/lib/python3.9/site-packages/ait_sdk/common/files/ait_manifest_generator.py[39]:add_ait_downloads()
[2024-05-27 00:01:00,675] [139989886265152] DEBUG	logging.py - wrapper:129 -> [START] /usr/local/lib/python3.9/site-packages/ait_sdk/common/files/ait_manifest_generator.py[41]:write(<ait_sdk.common.files.ait_manifest_generator.AITManifestGenerator object at 0x7f51d0e37a90>)
[2024-05-27 00:01:00,675] [139989886265152] DEBUG	logging.py - wrapper:129 -> [START] /usr/local/lib/python3.9/site-packages/ait_sdk/common/files/ait_manifest_generator.py[664]:_check_required_items(<ait_sdk.common.files.ait_manifest_generator.AITManifestGenerator object at 0x7f51d0e37a90>)
[2024-05-27 00:01:00,676] [139989886265152] DEBUG	logging.py - wrapper:137 -> [END] /usr/local/lib/python3.9/site-packages/ait_sdk/common/files/ait_manifest_generator.py[664]:_check_required_items()
[2024-05-27 00:01:00,676] [139989886265152] DEBUG	logging.py - wrapper:129 -> [START] /usr/local/lib/python3.9/site-packages/ait_sdk/common/files/ait_manifest_generator.py[666]:_check_format_items(<ait_sdk.common.files.ait_manifest_generator.AITManifestGenerator object at 0x7f51d0e37a90>)
[2024-05-27 00:01:00,676] [139989886265152] DEBUG	logging.py - wrapper:137 -> [END] /usr/local/lib/python3.9/site-packages/ait_sdk/common/files/ait_manifest_generator.py[666]:_check_format_items()
[2024-05-27 00:01:00,680] [139989886265152] DEBUG	logging.py - wrapper:135 -> [END] /usr/local/lib/python3.9/site-packages/ait_sdk/common/files/ait_manifest_generator.py[41]:write() = /workdir/root/develop/ait.manifest.json
[2024-05-27 00:01:00,698] [139989886265152] DEBUG	logging.py - wrapper:129 -> [START] /usr/local/lib/python3.9/site-packages/ait_sdk/common/files/ait_input_generator.py[4]:add_ait_inventories(<ait_sdk.common.files.ait_input_generator.AITInputGenerator object at 0x7f51d0e10dc0>)
[2024-05-27 00:01:00,698] [139989886265152] DEBUG	logging.py - wrapper:137 -> [END] /usr/local/lib/python3.9/site-packages/ait_sdk/common/files/ait_input_generator.py[4]:add_ait_inventories()
[2024-05-27 00:01:00,698] [139989886265152] DEBUG	logging.py - wrapper:129 -> [START] /usr/local/lib/python3.9/site-packages/ait_sdk/common/files/ait_input_generator.py[6]:set_ait_params(<ait_sdk.common.files.ait_input_generator.AITInputGenerator object at 0x7f51d0e10dc0>)
[2024-05-27 00:01:00,698] [139989886265152] DEBUG	logging.py - wrapper:137 -> [END] /usr/local/lib/python3.9/site-packages/ait_sdk/common/files/ait_input_generator.py[6]:set_ait_params()
[2024-05-27 00:01:00,699] [139989886265152] DEBUG	logging.py - wrapper:129 -> [START] /usr/local/lib/python3.9/site-packages/ait_sdk/common/files/ait_input_generator.py[8]:set_ait_params(<ait_sdk.common.files.ait_input_generator.AITInputGenerator object at 0x7f51d0e10dc0>)
[2024-05-27 00:01:00,699] [139989886265152] DEBUG	logging.py - wrapper:137 -> [END] /usr/local/lib/python3.9/site-packages/ait_sdk/common/files/ait_input_generator.py[8]:set_ait_params()
[2024-05-27 00:01:00,699] [139989886265152] DEBUG	logging.py - wrapper:129 -> [START] /usr/local/lib/python3.9/site-packages/ait_sdk/common/files/ait_input_generator.py[10]:set_ait_params(<ait_sdk.common.files.ait_input_generator.AITInputGenerator object at 0x7f51d0e10dc0>)
[2024-05-27 00:01:00,699] [139989886265152] DEBUG	logging.py - wrapper:137 -> [END] /usr/local/lib/python3.9/site-packages/ait_sdk/common/files/ait_input_generator.py[10]:set_ait_params()
[2024-05-27 00:01:00,699] [139989886265152] DEBUG	logging.py - wrapper:129 -> [START] /usr/local/lib/python3.9/site-packages/ait_sdk/common/files/ait_input_generator.py[12]:write(<ait_sdk.common.files.ait_input_generator.AITInputGenerator object at 0x7f51d0e10dc0>)
[2024-05-27 00:01:00,707] [139989886265152] DEBUG	logging.py - wrapper:135 -> [END] /usr/local/lib/python3.9/site-packages/ait_sdk/common/files/ait_input_generator.py[12]:write() = /usr/local/qai/mnt/ip/job_args/1/1/ait.input.json
[2024-05-27 00:01:00,715] [139989886265152] DEBUG	logging.py - wrapper:129 -> [START] /usr/local/lib/python3.9/site-packages/ait_sdk/common/files/ait_output.py[5]:__init__(<ait_sdk.common.files.ait_output.AITOutput object at 0x7f51d0e37ac0>,<ait_sdk.common.files.ait_manifest.AITManifest object at 0x7f51d0e379a0>)
[2024-05-27 00:01:00,715] [139989886265152] DEBUG	logging.py - wrapper:137 -> [END] /usr/local/lib/python3.9/site-packages/ait_sdk/common/files/ait_output.py[5]:__init__()
[2024-05-27 00:01:00,716] [139989886265152] DEBUG	logging.py - wrapper:129 -> [START] /usr/local/lib/python3.9/site-packages/ait_sdk/develop/ait_path_helper.py[16]:__init__(<ait_sdk.develop.ait_path_helper.AITPathHelper object at 0x7f51d0e377c0>)
[2024-05-27 00:01:00,716] [139989886265152] DEBUG	logging.py - wrapper:137 -> [END] /usr/local/lib/python3.9/site-packages/ait_sdk/develop/ait_path_helper.py[16]:__init__()
[2024-05-27 00:01:00,717] [139989886265152] DEBUG	logging.py - wrapper:129 -> [START] /usr/local/lib/python3.9/site-packages/ait_sdk/develop/ait_path_helper.py[18]:get_input_file_path(<ait_sdk.develop.ait_path_helper.AITPathHelper object at 0x7f51d0e377c0>)
[2024-05-27 00:01:00,717] [139989886265152] DEBUG	logging.py - wrapper:135 -> [END] /usr/local/lib/python3.9/site-packages/ait_sdk/develop/ait_path_helper.py[18]:get_input_file_path() = /usr/local/qai/mnt/ip/job_args/1/1/ait.input.json
[2024-05-27 00:01:00,718] [139989886265152] DEBUG	logging.py - wrapper:129 -> [START] /usr/local/lib/python3.9/site-packages/ait_sdk/common/files/ait_input.py[18]:read_json(<ait_sdk.common.files.ait_input.AITInput object at 0x7f51d0e37a60>,/usr/local/qai/mnt/ip/job_args/1/1/ait.input.json)
[2024-05-27 00:01:00,723] [139989886265152] DEBUG	logging.py - wrapper:137 -> [END] /usr/local/lib/python3.9/site-packages/ait_sdk/common/files/ait_input.py[18]:read_json()
[2024-05-27 00:01:00,724] [139989886265152] DEBUG	logging.py - wrapper:129 -> [START] /usr/local/lib/python3.9/site-packages/ait_sdk/develop/ait_path_helper.py[19]:get_manifest_file_path(<ait_sdk.develop.ait_path_helper.AITPathHelper object at 0x7f51d0e377c0>)
[2024-05-27 00:01:00,724] [139989886265152] DEBUG	logging.py - wrapper:135 -> [END] /usr/local/lib/python3.9/site-packages/ait_sdk/develop/ait_path_helper.py[19]:get_manifest_file_path() = /workdir/root/develop/ait.manifest.json
[2024-05-27 00:01:00,724] [139989886265152] DEBUG	logging.py - wrapper:129 -> [START] /usr/local/lib/python3.9/site-packages/ait_sdk/common/files/ait_manifest.py[19]:read_json(<ait_sdk.common.files.ait_manifest.AITManifest object at 0x7f51d0e379a0>,/workdir/root/develop/ait.manifest.json)
[2024-05-27 00:01:00,726] [139989886265152] DEBUG	logging.py - wrapper:137 -> [END] /usr/local/lib/python3.9/site-packages/ait_sdk/common/files/ait_manifest.py[19]:read_json()
[2024-05-27 00:01:00,776] [139989886265152] DEBUG	logging.py - wrapper:129 -> [START] /usr/local/lib/python3.9/site-packages/ait_sdk/develop/annotation.py[2]:main()
[2024-05-27 00:01:00,776] [139989886265152] DEBUG	logging.py - wrapper:129 -> [START] /usr/local/lib/python3.9/site-packages/ait_sdk/common/files/ait_input.py[6]:get_inventory_path(<ait_sdk.common.files.ait_input.AITInput object at 0x7f51d0e37a60>,alyz_data)
[2024-05-27 00:01:00,777] [139989886265152] DEBUG	logging.py - wrapper:129 -> [START] /usr/local/lib/python3.9/site-packages/ait_sdk/common/files/ait_input.py[131]:_find_value(<ait_sdk.common.files.ait_input.AITInput object at 0x7f51d0e37a60>,Inventories,alyz_data)
[2024-05-27 00:01:00,777] [139989886265152] DEBUG	logging.py - wrapper:135 -> [END] /usr/local/lib/python3.9/site-packages/ait_sdk/common/files/ait_input.py[131]:_find_value() = /usr/local/qai/inventory/BDD_labels_2036.csv
[2024-05-27 00:01:00,777] [139989886265152] DEBUG	logging.py - wrapper:135 -> [END] /usr/local/lib/python3.9/site-packages/ait_sdk/common/files/ait_input.py[6]:get_inventory_path() = /usr/local/qai/inventory/BDD_labels_2036.csv
[2024-05-27 00:01:00,796] [139989886265152] DEBUG	logging.py - wrapper:129 -> [START] /usr/local/lib/python3.9/site-packages/ait_sdk/common/files/ait_input.py[9]:get_method_param_value(<ait_sdk.common.files.ait_input.AITInput object at 0x7f51d0e37a60>,preferred_attributes)
[2024-05-27 00:01:00,796] [139989886265152] DEBUG	logging.py - wrapper:129 -> [START] /usr/local/lib/python3.9/site-packages/ait_sdk/common/files/ait_input.py[95]:_find_value(<ait_sdk.common.files.ait_input.AITInput object at 0x7f51d0e37a60>,MethodParams,preferred_attributes)
[2024-05-27 00:01:00,797] [139989886265152] DEBUG	logging.py - wrapper:135 -> [END] /usr/local/lib/python3.9/site-packages/ait_sdk/common/files/ait_input.py[95]:_find_value() = Road type,Weather,Lighting,Obstacle
[2024-05-27 00:01:00,797] [139989886265152] DEBUG	logging.py - wrapper:129 -> [START] /usr/local/lib/python3.9/site-packages/ait_sdk/common/files/ait_manifest.py[101]:get_ait_parameter_type(<ait_sdk.common.files.ait_manifest.AITManifest object at 0x7f51d0e379a0>,preferred_attributes)
[2024-05-27 00:01:00,797] [139989886265152] DEBUG	logging.py - wrapper:129 -> [START] /usr/local/lib/python3.9/site-packages/ait_sdk/common/files/ait_manifest.py[150]:_find_path(<ait_sdk.common.files.ait_manifest.AITManifest object at 0x7f51d0e379a0>)
[2024-05-27 00:01:00,797] [139989886265152] DEBUG	logging.py - wrapper:135 -> [END] /usr/local/lib/python3.9/site-packages/ait_sdk/common/files/ait_manifest.py[150]:_find_path() = str
[2024-05-27 00:01:00,798] [139989886265152] DEBUG	logging.py - wrapper:135 -> [END] /usr/local/lib/python3.9/site-packages/ait_sdk/common/files/ait_manifest.py[101]:get_ait_parameter_type() = str
[2024-05-27 00:01:00,798] [139989886265152] DEBUG	logging.py - wrapper:135 -> [END] /usr/local/lib/python3.9/site-packages/ait_sdk/common/files/ait_input.py[9]:get_method_param_value() = Road type,Weather,Lighting,Obstacle
[2024-05-27 00:01:00,798] [139989886265152] DEBUG	logging.py - wrapper:129 -> [START] /usr/local/lib/python3.9/site-packages/ait_sdk/common/files/ait_input.py[11]:get_method_param_value(<ait_sdk.common.files.ait_input.AITInput object at 0x7f51d0e37a60>,excluded_combinations)
[2024-05-27 00:01:00,798] [139989886265152] DEBUG	logging.py - wrapper:129 -> [START] /usr/local/lib/python3.9/site-packages/ait_sdk/common/files/ait_input.py[95]:_find_value(<ait_sdk.common.files.ait_input.AITInput object at 0x7f51d0e37a60>,MethodParams,excluded_combinations)
[2024-05-27 00:01:00,799] [139989886265152] DEBUG	logging.py - wrapper:135 -> [END] /usr/local/lib/python3.9/site-packages/ait_sdk/common/files/ait_input.py[95]:_find_value() = (Road type, Weather), (Road type, Lighting)
[2024-05-27 00:01:00,799] [139989886265152] DEBUG	logging.py - wrapper:129 -> [START] /usr/local/lib/python3.9/site-packages/ait_sdk/common/files/ait_manifest.py[101]:get_ait_parameter_type(<ait_sdk.common.files.ait_manifest.AITManifest object at 0x7f51d0e379a0>,excluded_combinations)
[2024-05-27 00:01:00,799] [139989886265152] DEBUG	logging.py - wrapper:129 -> [START] /usr/local/lib/python3.9/site-packages/ait_sdk/common/files/ait_manifest.py[150]:_find_path(<ait_sdk.common.files.ait_manifest.AITManifest object at 0x7f51d0e379a0>)
[2024-05-27 00:01:00,799] [139989886265152] DEBUG	logging.py - wrapper:135 -> [END] /usr/local/lib/python3.9/site-packages/ait_sdk/common/files/ait_manifest.py[150]:_find_path() = str
[2024-05-27 00:01:00,799] [139989886265152] DEBUG	logging.py - wrapper:135 -> [END] /usr/local/lib/python3.9/site-packages/ait_sdk/common/files/ait_manifest.py[101]:get_ait_parameter_type() = str
[2024-05-27 00:01:00,800] [139989886265152] DEBUG	logging.py - wrapper:135 -> [END] /usr/local/lib/python3.9/site-packages/ait_sdk/common/files/ait_input.py[11]:get_method_param_value() = (Road type, Weather), (Road type, Lighting)
[2024-05-27 00:01:00,800] [139989886265152] DEBUG	logging.py - wrapper:129 -> [START] /usr/local/lib/python3.9/site-packages/ait_sdk/common/files/ait_input.py[13]:get_method_param_value(<ait_sdk.common.files.ait_input.AITInput object at 0x7f51d0e37a60>,threshold_value)
[2024-05-27 00:01:00,800] [139989886265152] DEBUG	logging.py - wrapper:129 -> [START] /usr/local/lib/python3.9/site-packages/ait_sdk/common/files/ait_input.py[95]:_find_value(<ait_sdk.common.files.ait_input.AITInput object at 0x7f51d0e37a60>,MethodParams,threshold_value)
[2024-05-27 00:01:00,800] [139989886265152] DEBUG	logging.py - wrapper:135 -> [END] /usr/local/lib/python3.9/site-packages/ait_sdk/common/files/ait_input.py[95]:_find_value() = 5
[2024-05-27 00:01:00,800] [139989886265152] DEBUG	logging.py - wrapper:129 -> [START] /usr/local/lib/python3.9/site-packages/ait_sdk/common/files/ait_manifest.py[101]:get_ait_parameter_type(<ait_sdk.common.files.ait_manifest.AITManifest object at 0x7f51d0e379a0>,threshold_value)
[2024-05-27 00:01:00,801] [139989886265152] DEBUG	logging.py - wrapper:129 -> [START] /usr/local/lib/python3.9/site-packages/ait_sdk/common/files/ait_manifest.py[150]:_find_path(<ait_sdk.common.files.ait_manifest.AITManifest object at 0x7f51d0e379a0>)
[2024-05-27 00:01:00,801] [139989886265152] DEBUG	logging.py - wrapper:135 -> [END] /usr/local/lib/python3.9/site-packages/ait_sdk/common/files/ait_manifest.py[150]:_find_path() = int
[2024-05-27 00:01:00,801] [139989886265152] DEBUG	logging.py - wrapper:135 -> [END] /usr/local/lib/python3.9/site-packages/ait_sdk/common/files/ait_manifest.py[101]:get_ait_parameter_type() = int
[2024-05-27 00:01:00,801] [139989886265152] DEBUG	logging.py - wrapper:135 -> [END] /usr/local/lib/python3.9/site-packages/ait_sdk/common/files/ait_input.py[13]:get_method_param_value() = 5
[2024-05-27 00:01:00,805] [139989886265152] DEBUG	logging.py - wrapper:129 -> [START] /usr/local/lib/python3.9/site-packages/ait_sdk/develop/annotation.py[17]:alyz_data_coverage(                       Name                Road type Weather Lighting  \
0     264b9ed7-358bb41a.jpg              General way    Fine      Low   
1     3b33fd0a-386f8c8e.jpg                  Highway    Fine   Normal   
2     2b337ace-f07eaa52.jpg              General way    Fine      Low   
3     9bc0e5c8-5130a218.jpg              General way    Fine      Low   
4     437a6214-0c0aecc4.jpg              General way    Fine      Low   
...                     ...                      ...     ...      ...   
2031  1874d807-5ec7e98e.jpg              General way    Fine      Low   
2032  0786294e-634c696d.jpg  Parking lot/Gas station  Cloudy   Normal   
2033  0d137191-d9a23795.jpg                  Highway    Fine      Low   
2034  082d5dee-53c30dad.jpg              General way    Fine   Normal   
2035  2c7b30b0-95549c53.jpg              General way    Fine   Normal   

     Obstacle   Pedestrian    Signal Road condition Traffic Zebra crossing  \
0         NaN          NaN     Green            Dry     Low            Yes   
1         NaN          NaN       NaN            Dry  Medium             No   
2         NaN          NaN     Green            Dry     Low            Yes   
3         NaN          NaN     Green            Dry     Low             No   
4         NaN          NaN       NaN            Dry     Low             No   
...       ...          ...       ...            ...     ...            ...   
2031      NaN          NaN  Not sure            Dry     Low            Yes   
2032  Vehicle          NaN       NaN          Snowy     NaN             No   
2033      NaN          NaN       NaN            Dry     Low             No   
2034      NaN          NaN       NaN            Dry     Low             No   
2035      NaN  On sidewalk     Green          Snowy     Low            Yes   

     Image clarity       Time  
0     Partly clear      Night  
1            Clear        Day  
2        Not clear  Dawn/Dusk  
3     Partly clear      Night  
4        Not clear      Night  
...            ...        ...  
2031         Clear      Night  
2032         Clear        Day  
2033         Clear      Night  
2034         Clear        Day  
2035         Clear        Day  

[2036 rows x 12 columns],Road type,Weather,Lighting,Obstacle,(Road type, Weather), (Road type, Lighting),5)
[2024-05-27 00:01:00,816] [139989886265152] DEBUG	logging.py - wrapper:129 -> [START] /usr/local/lib/python3.9/site-packages/ait_sdk/common/files/ait_output.py[170]:add_measure(<ait_sdk.common.files.ait_output.AITOutput object at 0x7f51d0e37ac0>)
[2024-05-27 00:01:00,816] [139989886265152] DEBUG	logging.py - wrapper:137 -> [END] /usr/local/lib/python3.9/site-packages/ait_sdk/common/files/ait_output.py[170]:add_measure()
[2024-05-27 00:01:00,817] [139989886265152] DEBUG	logging.py - wrapper:135 -> [END] /usr/local/lib/python3.9/site-packages/ait_sdk/develop/annotation.py[17]:alyz_data_coverage() = (39, {('Road type', 'Weather'): {('General way', 'Fine'): 1529, ('Highway', 'Fine'): 213, ('General way', 'Cloudy'): 99, ('Under bridge/FO', 'Fine'): 60, ('General way', 'Rainy'): 57, ('Parking lot/Gas station', 'Fine'): 14, ('Highway', 'Cloudy'): 13, ('Undefined', 'Undefined'): 9, ('General way', 'Undefined'): 7, ('General way', 'Snowy'): 7, ('Undefined', 'Fine'): 7, ('Highway', 'Rainy'): 5, ('Parking lot/Gas station', 'Cloudy'): 3, ('Highway', 'Undefined'): 2, ('Tunnel', 'Fine'): 2, ('Tunnel', 'Undefined'): 2, ('General way', 'Foggy'): 2, ('Parking lot/Gas station', 'Snowy'): 1, ('Parking lot/Gas station', 'Undefined'): 1, ('Undefined', 'Cloudy'): 1, ('Under bridge/FO', 'Cloudy'): 1, ('Under bridge/FO', 'Undefined'): 1}, ('Road type', 'Lighting'): {('General way', 'Normal'): 891, ('General way', 'Low'): 731, ('Highway', 'Normal'): 129, ('General way', 'High'): 79, ('Highway', 'Low'): 77, ('Under bridge/FO', 'Normal'): 42, ('Highway', 'High'): 27, ('Under bridge/FO', 'Low'): 20, ('Undefined', 'Low'): 17, ('Parking lot/Gas station', 'Normal'): 16, ('Parking lot/Gas station', 'Low'): 3, ('Tunnel', 'Low'): 2, ('Tunnel', 'Normal'): 2}, ('Road type', 'Obstacle'): {('General way', 'Vehicle'): 47, ('General way', 'Others'): 31, ('General way', 'Not sure'): 2, ('Highway', 'Others'): 2, ('Parking lot/Gas station', 'Others'): 2, ('Parking lot/Gas station', 'Vehicle'): 2, ('Highway', 'Vehicle'): 1, ('Undefined', 'Not sure'): 1, ('Undefined', 'Undefined'): 1, ('Under bridge/FO', 'Others'): 1, ('Under bridge/FO', 'Vehicle'): 1}, ('Weather', 'Lighting'): {('Fine', 'Normal'): 927, ('Fine', 'Low'): 792, ('Fine', 'High'): 106, ('Cloudy', 'Normal'): 105, ('Rainy', 'Normal'): 37, ('Rainy', 'Low'): 25, ('Undefined', 'Low'): 20, ('Cloudy', 'Low'): 12, ('Snowy', 'Normal'): 7, ('Foggy', 'Normal'): 2, ('Undefined', 'Normal'): 2, ('Snowy', 'Low'): 1}, ('Weather', 'Obstacle'): {('Fine', 'Vehicle'): 44, ('Fine', 'Others'): 33, ('Cloudy', 'Vehicle'): 4, ('Rainy', 'Vehicle'): 3, ('Undefined', 'Not sure'): 2, ('Cloudy', 'Not sure'): 1, ('Cloudy', 'Others'): 1, ('Cloudy', 'Undefined'): 1, ('Rainy', 'Others'): 1, ('Undefined', 'Others'): 1}, ('Lighting', 'Obstacle'): {('Normal', 'Vehicle'): 35, ('Normal', 'Others'): 24, ('Low', 'Vehicle'): 15, ('Low', 'Others'): 11, ('Low', 'Not sure'): 2, ('High', 'Others'): 1, ('High', 'Vehicle'): 1, ('Low', 'Undefined'): 1, ('Normal', 'Not sure'): 1}})
[2024-05-27 00:01:00,817] [139989886265152] DEBUG	logging.py - wrapper:129 -> [START] /usr/local/lib/python3.9/site-packages/ait_sdk/develop/annotation.py[20]:combination_counts_plot({('Road type', 'Weather'): {('General way', 'Fine'): 1529, ('Highway', 'Fine'): 213, ('General way', 'Cloudy'): 99, ('Under bridge/FO', 'Fine'): 60, ('General way', 'Rainy'): 57, ('Parking lot/Gas station', 'Fine'): 14, ('Highway', 'Cloudy'): 13, ('Undefined', 'Undefined'): 9, ('General way', 'Undefined'): 7, ('General way', 'Snowy'): 7, ('Undefined', 'Fine'): 7, ('Highway', 'Rainy'): 5, ('Parking lot/Gas station', 'Cloudy'): 3, ('Highway', 'Undefined'): 2, ('Tunnel', 'Fine'): 2, ('Tunnel', 'Undefined'): 2, ('General way', 'Foggy'): 2, ('Parking lot/Gas station', 'Snowy'): 1, ('Parking lot/Gas station', 'Undefined'): 1, ('Undefined', 'Cloudy'): 1, ('Under bridge/FO', 'Cloudy'): 1, ('Under bridge/FO', 'Undefined'): 1}, ('Road type', 'Lighting'): {('General way', 'Normal'): 891, ('General way', 'Low'): 731, ('Highway', 'Normal'): 129, ('General way', 'High'): 79, ('Highway', 'Low'): 77, ('Under bridge/FO', 'Normal'): 42, ('Highway', 'High'): 27, ('Under bridge/FO', 'Low'): 20, ('Undefined', 'Low'): 17, ('Parking lot/Gas station', 'Normal'): 16, ('Parking lot/Gas station', 'Low'): 3, ('Tunnel', 'Low'): 2, ('Tunnel', 'Normal'): 2}, ('Road type', 'Obstacle'): {('General way', 'Vehicle'): 47, ('General way', 'Others'): 31, ('General way', 'Not sure'): 2, ('Highway', 'Others'): 2, ('Parking lot/Gas station', 'Others'): 2, ('Parking lot/Gas station', 'Vehicle'): 2, ('Highway', 'Vehicle'): 1, ('Undefined', 'Not sure'): 1, ('Undefined', 'Undefined'): 1, ('Under bridge/FO', 'Others'): 1, ('Under bridge/FO', 'Vehicle'): 1}, ('Weather', 'Lighting'): {('Fine', 'Normal'): 927, ('Fine', 'Low'): 792, ('Fine', 'High'): 106, ('Cloudy', 'Normal'): 105, ('Rainy', 'Normal'): 37, ('Rainy', 'Low'): 25, ('Undefined', 'Low'): 20, ('Cloudy', 'Low'): 12, ('Snowy', 'Normal'): 7, ('Foggy', 'Normal'): 2, ('Undefined', 'Normal'): 2, ('Snowy', 'Low'): 1}, ('Weather', 'Obstacle'): {('Fine', 'Vehicle'): 44, ('Fine', 'Others'): 33, ('Cloudy', 'Vehicle'): 4, ('Rainy', 'Vehicle'): 3, ('Undefined', 'Not sure'): 2, ('Cloudy', 'Not sure'): 1, ('Cloudy', 'Others'): 1, ('Cloudy', 'Undefined'): 1, ('Rainy', 'Others'): 1, ('Undefined', 'Others'): 1}, ('Lighting', 'Obstacle'): {('Normal', 'Vehicle'): 35, ('Normal', 'Others'): 24, ('Low', 'Vehicle'): 15, ('Low', 'Others'): 11, ('Low', 'Not sure'): 2, ('High', 'Others'): 1, ('High', 'Vehicle'): 1, ('Low', 'Undefined'): 1, ('Normal', 'Not sure'): 1}},combination_counts_plot.jpg)
[2024-05-27 00:01:00,817] [139989886265152] DEBUG	logging.py - wrapper:129 -> [START] /usr/local/lib/python3.9/site-packages/ait_sdk/develop/ait_path_helper.py[245]:get_output_resource_path(<ait_sdk.develop.ait_path_helper.AITPathHelper object at 0x7f51d0e377c0>,combination_counts_plot)
[2024-05-27 00:01:00,817] [139989886265152] DEBUG	logging.py - wrapper:129 -> [START] /usr/local/lib/python3.9/site-packages/ait_sdk/develop/ait_path_helper.py[125]:_get_result_dir_path(<ait_sdk.develop.ait_path_helper.AITPathHelper object at 0x7f51d0e377c0>)
[2024-05-27 00:01:00,818] [139989886265152] DEBUG	logging.py - wrapper:129 -> [START] /usr/local/lib/python3.9/site-packages/ait_sdk/common/files/ait_input.py[103]:get_mount_dir_path(<ait_sdk.common.files.ait_input.AITInput object at 0x7f51d0e37a60>)
[2024-05-27 00:01:00,818] [139989886265152] DEBUG	logging.py - wrapper:135 -> [END] /usr/local/lib/python3.9/site-packages/ait_sdk/common/files/ait_input.py[103]:get_mount_dir_path() = /usr/local/qai/mnt
[2024-05-27 00:01:00,818] [139989886265152] DEBUG	logging.py - wrapper:129 -> [START] /usr/local/lib/python3.9/site-packages/ait_sdk/common/files/ait_input.py[104]:get_job_id(<ait_sdk.common.files.ait_input.AITInput object at 0x7f51d0e37a60>)
[2024-05-27 00:01:00,818] [139989886265152] DEBUG	logging.py - wrapper:135 -> [END] /usr/local/lib/python3.9/site-packages/ait_sdk/common/files/ait_input.py[104]:get_job_id() = 1
[2024-05-27 00:01:00,818] [139989886265152] DEBUG	logging.py - wrapper:129 -> [START] /usr/local/lib/python3.9/site-packages/ait_sdk/common/files/ait_input.py[105]:get_run_id(<ait_sdk.common.files.ait_input.AITInput object at 0x7f51d0e37a60>)
[2024-05-27 00:01:00,818] [139989886265152] DEBUG	logging.py - wrapper:135 -> [END] /usr/local/lib/python3.9/site-packages/ait_sdk/common/files/ait_input.py[105]:get_run_id() = 1
[2024-05-27 00:01:00,819] [139989886265152] DEBUG	logging.py - wrapper:135 -> [END] /usr/local/lib/python3.9/site-packages/ait_sdk/develop/ait_path_helper.py[125]:_get_result_dir_path() = /usr/local/qai/mnt/ip/job_result/1/1
[2024-05-27 00:01:00,819] [139989886265152] DEBUG	logging.py - wrapper:135 -> [END] /usr/local/lib/python3.9/site-packages/ait_sdk/develop/ait_path_helper.py[245]:get_output_resource_path() = /usr/local/qai/mnt/ip/job_result/1/1/resources/combination_counts_plot/
[2024-05-27 00:01:00,831] [139989886265152] DEBUG	pyplot.py - switch_backend:314 -> Loaded backend module://matplotlib_inline.backend_inline version unknown.
[2024-05-27 00:01:00,835] [139989886265152] DEBUG	pyplot.py - switch_backend:314 -> Loaded backend module://matplotlib_inline.backend_inline version unknown.
[2024-05-27 00:01:00,837] [139989886265152] DEBUG	font_manager.py - _findfont_cached:1464 -> findfont: Matching sans\-serif:style=normal:variant=normal:weight=normal:stretch=normal:size=10.0.
[2024-05-27 00:01:00,838] [139989886265152] DEBUG	font_manager.py - _findfont_cached:1476 -> findfont: score(FontEntry(fname='/usr/local/lib/python3.9/site-packages/matplotlib/mpl-data/fonts/ttf/DejaVuSans-Oblique.ttf', name='DejaVu Sans', style='oblique', variant='normal', weight=400, stretch='normal', size='scalable')) = 1.05
[2024-05-27 00:01:00,838] [139989886265152] DEBUG	font_manager.py - _findfont_cached:1476 -> findfont: score(FontEntry(fname='/usr/local/lib/python3.9/site-packages/matplotlib/mpl-data/fonts/ttf/STIXSizThreeSymBol.ttf', name='STIXSizeThreeSym', style='normal', variant='normal', weight=700, stretch='normal', size='scalable')) = 10.335
[2024-05-27 00:01:00,839] [139989886265152] DEBUG	font_manager.py - _findfont_cached:1476 -> findfont: score(FontEntry(fname='/usr/local/lib/python3.9/site-packages/matplotlib/mpl-data/fonts/ttf/cmmi10.ttf', name='cmmi10', style='normal', variant='normal', weight=400, stretch='normal', size='scalable')) = 10.05
[2024-05-27 00:01:00,839] [139989886265152] DEBUG	font_manager.py - _findfont_cached:1476 -> findfont: score(FontEntry(fname='/usr/local/lib/python3.9/site-packages/matplotlib/mpl-data/fonts/ttf/STIXGeneralBolIta.ttf', name='STIXGeneral', style='italic', variant='normal', weight=700, stretch='normal', size='scalable')) = 11.335
[2024-05-27 00:01:00,839] [139989886265152] DEBUG	font_manager.py - _findfont_cached:1476 -> findfont: score(FontEntry(fname='/usr/local/lib/python3.9/site-packages/matplotlib/mpl-data/fonts/ttf/DejaVuSerif-Bold.ttf', name='DejaVu Serif', style='normal', variant='normal', weight=700, stretch='normal', size='scalable')) = 10.335
[2024-05-27 00:01:00,839] [139989886265152] DEBUG	font_manager.py - _findfont_cached:1476 -> findfont: score(FontEntry(fname='/usr/local/lib/python3.9/site-packages/matplotlib/mpl-data/fonts/ttf/STIXSizThreeSymReg.ttf', name='STIXSizeThreeSym', style='normal', variant='normal', weight=400, stretch='normal', size='scalable')) = 10.05
[2024-05-27 00:01:00,839] [139989886265152] DEBUG	font_manager.py - _findfont_cached:1476 -> findfont: score(FontEntry(fname='/usr/local/lib/python3.9/site-packages/matplotlib/mpl-data/fonts/ttf/STIXSizOneSymReg.ttf', name='STIXSizeOneSym', style='normal', variant='normal', weight=400, stretch='normal', size='scalable')) = 10.05
[2024-05-27 00:01:00,840] [139989886265152] DEBUG	font_manager.py - _findfont_cached:1476 -> findfont: score(FontEntry(fname='/usr/local/lib/python3.9/site-packages/matplotlib/mpl-data/fonts/ttf/DejaVuSansMono-Oblique.ttf', name='DejaVu Sans Mono', style='oblique', variant='normal', weight=400, stretch='normal', size='scalable')) = 11.05
[2024-05-27 00:01:00,840] [139989886265152] DEBUG	font_manager.py - _findfont_cached:1476 -> findfont: score(FontEntry(fname='/usr/local/lib/python3.9/site-packages/matplotlib/mpl-data/fonts/ttf/STIXSizTwoSymBol.ttf', name='STIXSizeTwoSym', style='normal', variant='normal', weight=700, stretch='normal', size='scalable')) = 10.335
[2024-05-27 00:01:00,840] [139989886265152] DEBUG	font_manager.py - _findfont_cached:1476 -> findfont: score(FontEntry(fname='/usr/local/lib/python3.9/site-packages/matplotlib/mpl-data/fonts/ttf/DejaVuSansMono-Bold.ttf', name='DejaVu Sans Mono', style='normal', variant='normal', weight=700, stretch='normal', size='scalable')) = 10.335
[2024-05-27 00:01:00,840] [139989886265152] DEBUG	font_manager.py - _findfont_cached:1476 -> findfont: score(FontEntry(fname='/usr/local/lib/python3.9/site-packages/matplotlib/mpl-data/fonts/ttf/DejaVuSerif-BoldItalic.ttf', name='DejaVu Serif', style='italic', variant='normal', weight=700, stretch='normal', size='scalable')) = 11.335
[2024-05-27 00:01:00,841] [139989886265152] DEBUG	font_manager.py - _findfont_cached:1476 -> findfont: score(FontEntry(fname='/usr/local/lib/python3.9/site-packages/matplotlib/mpl-data/fonts/ttf/STIXSizFourSymReg.ttf', name='STIXSizeFourSym', style='normal', variant='normal', weight=400, stretch='normal', size='scalable')) = 10.05
[2024-05-27 00:01:00,841] [139989886265152] DEBUG	font_manager.py - _findfont_cached:1476 -> findfont: score(FontEntry(fname='/usr/local/lib/python3.9/site-packages/matplotlib/mpl-data/fonts/ttf/cmex10.ttf', name='cmex10', style='normal', variant='normal', weight=400, stretch='normal', size='scalable')) = 10.05
[2024-05-27 00:01:00,841] [139989886265152] DEBUG	font_manager.py - _findfont_cached:1476 -> findfont: score(FontEntry(fname='/usr/local/lib/python3.9/site-packages/matplotlib/mpl-data/fonts/ttf/STIXNonUniIta.ttf', name='STIXNonUnicode', style='italic', variant='normal', weight=400, stretch='normal', size='scalable')) = 11.05
[2024-05-27 00:01:00,841] [139989886265152] DEBUG	font_manager.py - _findfont_cached:1476 -> findfont: score(FontEntry(fname='/usr/local/lib/python3.9/site-packages/matplotlib/mpl-data/fonts/ttf/STIXSizTwoSymReg.ttf', name='STIXSizeTwoSym', style='normal', variant='normal', weight=400, stretch='normal', size='scalable')) = 10.05
[2024-05-27 00:01:00,841] [139989886265152] DEBUG	font_manager.py - _findfont_cached:1476 -> findfont: score(FontEntry(fname='/usr/local/lib/python3.9/site-packages/matplotlib/mpl-data/fonts/ttf/STIXSizOneSymBol.ttf', name='STIXSizeOneSym', style='normal', variant='normal', weight=700, stretch='normal', size='scalable')) = 10.335
[2024-05-27 00:01:00,842] [139989886265152] DEBUG	font_manager.py - _findfont_cached:1476 -> findfont: score(FontEntry(fname='/usr/local/lib/python3.9/site-packages/matplotlib/mpl-data/fonts/ttf/DejaVuSans-Bold.ttf', name='DejaVu Sans', style='normal', variant='normal', weight=700, stretch='normal', size='scalable')) = 0.33499999999999996
[2024-05-27 00:01:00,842] [139989886265152] DEBUG	font_manager.py - _findfont_cached:1476 -> findfont: score(FontEntry(fname='/usr/local/lib/python3.9/site-packages/matplotlib/mpl-data/fonts/ttf/DejaVuSerifDisplay.ttf', name='DejaVu Serif Display', style='normal', variant='normal', weight=400, stretch='normal', size='scalable')) = 10.05
[2024-05-27 00:01:00,842] [139989886265152] DEBUG	font_manager.py - _findfont_cached:1476 -> findfont: score(FontEntry(fname='/usr/local/lib/python3.9/site-packages/matplotlib/mpl-data/fonts/ttf/STIXSizFiveSymReg.ttf', name='STIXSizeFiveSym', style='normal', variant='normal', weight=400, stretch='normal', size='scalable')) = 10.05
[2024-05-27 00:01:00,842] [139989886265152] DEBUG	font_manager.py - _findfont_cached:1476 -> findfont: score(FontEntry(fname='/usr/local/lib/python3.9/site-packages/matplotlib/mpl-data/fonts/ttf/DejaVuSansDisplay.ttf', name='DejaVu Sans Display', style='normal', variant='normal', weight=400, stretch='normal', size='scalable')) = 10.05
[2024-05-27 00:01:00,842] [139989886265152] DEBUG	font_manager.py - _findfont_cached:1476 -> findfont: score(FontEntry(fname='/usr/local/lib/python3.9/site-packages/matplotlib/mpl-data/fonts/ttf/DejaVuSans-BoldOblique.ttf', name='DejaVu Sans', style='oblique', variant='normal', weight=700, stretch='normal', size='scalable')) = 1.335
[2024-05-27 00:01:00,843] [139989886265152] DEBUG	font_manager.py - _findfont_cached:1476 -> findfont: score(FontEntry(fname='/usr/local/lib/python3.9/site-packages/matplotlib/mpl-data/fonts/ttf/DejaVuSansMono.ttf', name='DejaVu Sans Mono', style='normal', variant='normal', weight=400, stretch='normal', size='scalable')) = 10.05
[2024-05-27 00:01:00,843] [139989886265152] DEBUG	font_manager.py - _findfont_cached:1476 -> findfont: score(FontEntry(fname='/usr/local/lib/python3.9/site-packages/matplotlib/mpl-data/fonts/ttf/STIXNonUniBol.ttf', name='STIXNonUnicode', style='normal', variant='normal', weight=700, stretch='normal', size='scalable')) = 10.335
[2024-05-27 00:01:00,843] [139989886265152] DEBUG	font_manager.py - _findfont_cached:1476 -> findfont: score(FontEntry(fname='/usr/local/lib/python3.9/site-packages/matplotlib/mpl-data/fonts/ttf/cmtt10.ttf', name='cmtt10', style='normal', variant='normal', weight=400, stretch='normal', size='scalable')) = 10.05
[2024-05-27 00:01:00,843] [139989886265152] DEBUG	font_manager.py - _findfont_cached:1476 -> findfont: score(FontEntry(fname='/usr/local/lib/python3.9/site-packages/matplotlib/mpl-data/fonts/ttf/DejaVuSans.ttf', name='DejaVu Sans', style='normal', variant='normal', weight=400, stretch='normal', size='scalable')) = 0.05
[2024-05-27 00:01:00,843] [139989886265152] DEBUG	font_manager.py - _findfont_cached:1476 -> findfont: score(FontEntry(fname='/usr/local/lib/python3.9/site-packages/matplotlib/mpl-data/fonts/ttf/STIXSizFourSymBol.ttf', name='STIXSizeFourSym', style='normal', variant='normal', weight=700, stretch='normal', size='scalable')) = 10.335
[2024-05-27 00:01:00,844] [139989886265152] DEBUG	font_manager.py - _findfont_cached:1476 -> findfont: score(FontEntry(fname='/usr/local/lib/python3.9/site-packages/matplotlib/mpl-data/fonts/ttf/STIXGeneralBol.ttf', name='STIXGeneral', style='normal', variant='normal', weight=700, stretch='normal', size='scalable')) = 10.335
[2024-05-27 00:01:00,844] [139989886265152] DEBUG	font_manager.py - _findfont_cached:1476 -> findfont: score(FontEntry(fname='/usr/local/lib/python3.9/site-packages/matplotlib/mpl-data/fonts/ttf/cmss10.ttf', name='cmss10', style='normal', variant='normal', weight=400, stretch='normal', size='scalable')) = 10.05
[2024-05-27 00:01:00,844] [139989886265152] DEBUG	font_manager.py - _findfont_cached:1476 -> findfont: score(FontEntry(fname='/usr/local/lib/python3.9/site-packages/matplotlib/mpl-data/fonts/ttf/DejaVuSerif-Italic.ttf', name='DejaVu Serif', style='italic', variant='normal', weight=400, stretch='normal', size='scalable')) = 11.05
[2024-05-27 00:01:00,844] [139989886265152] DEBUG	font_manager.py - _findfont_cached:1476 -> findfont: score(FontEntry(fname='/usr/local/lib/python3.9/site-packages/matplotlib/mpl-data/fonts/ttf/STIXGeneralItalic.ttf', name='STIXGeneral', style='italic', variant='normal', weight=400, stretch='normal', size='scalable')) = 11.05
[2024-05-27 00:01:00,846] [139989886265152] DEBUG	font_manager.py - _findfont_cached:1476 -> findfont: score(FontEntry(fname='/usr/local/lib/python3.9/site-packages/matplotlib/mpl-data/fonts/ttf/DejaVuSerif.ttf', name='DejaVu Serif', style='normal', variant='normal', weight=400, stretch='normal', size='scalable')) = 10.05
[2024-05-27 00:01:00,847] [139989886265152] DEBUG	font_manager.py - _findfont_cached:1476 -> findfont: score(FontEntry(fname='/usr/local/lib/python3.9/site-packages/matplotlib/mpl-data/fonts/ttf/STIXGeneral.ttf', name='STIXGeneral', style='normal', variant='normal', weight=400, stretch='normal', size='scalable')) = 10.05
[2024-05-27 00:01:00,850] [139989886265152] DEBUG	font_manager.py - _findfont_cached:1476 -> findfont: score(FontEntry(fname='/usr/local/lib/python3.9/site-packages/matplotlib/mpl-data/fonts/ttf/STIXNonUni.ttf', name='STIXNonUnicode', style='normal', variant='normal', weight=400, stretch='normal', size='scalable')) = 10.05
[2024-05-27 00:01:00,853] [139989886265152] DEBUG	font_manager.py - _findfont_cached:1476 -> findfont: score(FontEntry(fname='/usr/local/lib/python3.9/site-packages/matplotlib/mpl-data/fonts/ttf/cmsy10.ttf', name='cmsy10', style='normal', variant='normal', weight=400, stretch='normal', size='scalable')) = 10.05
[2024-05-27 00:01:00,856] [139989886265152] DEBUG	font_manager.py - _findfont_cached:1476 -> findfont: score(FontEntry(fname='/usr/local/lib/python3.9/site-packages/matplotlib/mpl-data/fonts/ttf/STIXNonUniBolIta.ttf', name='STIXNonUnicode', style='italic', variant='normal', weight=700, stretch='normal', size='scalable')) = 11.335
[2024-05-27 00:01:00,905] [139989886265152] DEBUG	font_manager.py - _findfont_cached:1476 -> findfont: score(FontEntry(fname='/usr/local/lib/python3.9/site-packages/matplotlib/mpl-data/fonts/ttf/DejaVuSansMono-BoldOblique.ttf', name='DejaVu Sans Mono', style='oblique', variant='normal', weight=700, stretch='normal', size='scalable')) = 11.335
[2024-05-27 00:01:00,935] [139989886265152] DEBUG	font_manager.py - _findfont_cached:1476 -> findfont: score(FontEntry(fname='/usr/local/lib/python3.9/site-packages/matplotlib/mpl-data/fonts/ttf/cmb10.ttf', name='cmb10', style='normal', variant='normal', weight=400, stretch='normal', size='scalable')) = 10.05
[2024-05-27 00:01:00,936] [139989886265152] DEBUG	font_manager.py - _findfont_cached:1476 -> findfont: score(FontEntry(fname='/usr/local/lib/python3.9/site-packages/matplotlib/mpl-data/fonts/ttf/cmr10.ttf', name='cmr10', style='normal', variant='normal', weight=400, stretch='normal', size='scalable')) = 10.05
[2024-05-27 00:01:00,937] [139989886265152] DEBUG	font_manager.py - _findfont_cached:1476 -> findfont: score(FontEntry(fname='/usr/share/fonts/truetype/dejavu/DejaVuSans-Bold.ttf', name='DejaVu Sans', style='normal', variant='normal', weight=700, stretch='normal', size='scalable')) = 0.33499999999999996
[2024-05-27 00:01:00,937] [139989886265152] DEBUG	font_manager.py - _findfont_cached:1476 -> findfont: score(FontEntry(fname='/usr/share/fonts/truetype/dejavu/DejaVuSansMono-Bold.ttf', name='DejaVu Sans Mono', style='normal', variant='normal', weight=700, stretch='normal', size='scalable')) = 10.335
[2024-05-27 00:01:00,938] [139989886265152] DEBUG	font_manager.py - _findfont_cached:1476 -> findfont: score(FontEntry(fname='/usr/share/fonts/truetype/dejavu/DejaVuSansMono.ttf', name='DejaVu Sans Mono', style='normal', variant='normal', weight=400, stretch='normal', size='scalable')) = 10.05
[2024-05-27 00:01:00,939] [139989886265152] DEBUG	font_manager.py - _findfont_cached:1476 -> findfont: score(FontEntry(fname='/usr/share/fonts/truetype/dejavu/DejaVuSerif.ttf', name='DejaVu Serif', style='normal', variant='normal', weight=400, stretch='normal', size='scalable')) = 10.05
[2024-05-27 00:01:00,940] [139989886265152] DEBUG	font_manager.py - _findfont_cached:1476 -> findfont: score(FontEntry(fname='/usr/share/fonts/truetype/dejavu/DejaVuSans.ttf', name='DejaVu Sans', style='normal', variant='normal', weight=400, stretch='normal', size='scalable')) = 0.05
[2024-05-27 00:01:00,941] [139989886265152] DEBUG	font_manager.py - _findfont_cached:1476 -> findfont: score(FontEntry(fname='/usr/share/fonts/truetype/dejavu/DejaVuSerif-Bold.ttf', name='DejaVu Serif', style='normal', variant='normal', weight=700, stretch='normal', size='scalable')) = 10.335
[2024-05-27 00:01:00,942] [139989886265152] DEBUG	font_manager.py - _findfont_cached:1502 -> findfont: Matching sans\-serif:style=normal:variant=normal:weight=normal:stretch=normal:size=10.0 to DejaVu Sans ('/usr/local/lib/python3.9/site-packages/matplotlib/mpl-data/fonts/ttf/DejaVuSans.ttf') with score of 0.050000.
[2024-05-27 00:01:01,109] [139989886265152] DEBUG	font_manager.py - _findfont_cached:1464 -> findfont: Matching sans\-serif:style=normal:variant=normal:weight=normal:stretch=normal:size=12.0.
[2024-05-27 00:01:01,118] [139989886265152] DEBUG	font_manager.py - _findfont_cached:1476 -> findfont: score(FontEntry(fname='/usr/local/lib/python3.9/site-packages/matplotlib/mpl-data/fonts/ttf/DejaVuSans-Oblique.ttf', name='DejaVu Sans', style='oblique', variant='normal', weight=400, stretch='normal', size='scalable')) = 1.05
[2024-05-27 00:01:01,118] [139989886265152] DEBUG	font_manager.py - _findfont_cached:1476 -> findfont: score(FontEntry(fname='/usr/local/lib/python3.9/site-packages/matplotlib/mpl-data/fonts/ttf/STIXSizThreeSymBol.ttf', name='STIXSizeThreeSym', style='normal', variant='normal', weight=700, stretch='normal', size='scalable')) = 10.335
[2024-05-27 00:01:01,119] [139989886265152] DEBUG	font_manager.py - _findfont_cached:1476 -> findfont: score(FontEntry(fname='/usr/local/lib/python3.9/site-packages/matplotlib/mpl-data/fonts/ttf/cmmi10.ttf', name='cmmi10', style='normal', variant='normal', weight=400, stretch='normal', size='scalable')) = 10.05
[2024-05-27 00:01:01,122] [139989886265152] DEBUG	font_manager.py - _findfont_cached:1476 -> findfont: score(FontEntry(fname='/usr/local/lib/python3.9/site-packages/matplotlib/mpl-data/fonts/ttf/STIXGeneralBolIta.ttf', name='STIXGeneral', style='italic', variant='normal', weight=700, stretch='normal', size='scalable')) = 11.335
[2024-05-27 00:01:01,123] [139989886265152] DEBUG	font_manager.py - _findfont_cached:1476 -> findfont: score(FontEntry(fname='/usr/local/lib/python3.9/site-packages/matplotlib/mpl-data/fonts/ttf/DejaVuSerif-Bold.ttf', name='DejaVu Serif', style='normal', variant='normal', weight=700, stretch='normal', size='scalable')) = 10.335
[2024-05-27 00:01:01,123] [139989886265152] DEBUG	font_manager.py - _findfont_cached:1476 -> findfont: score(FontEntry(fname='/usr/local/lib/python3.9/site-packages/matplotlib/mpl-data/fonts/ttf/STIXSizThreeSymReg.ttf', name='STIXSizeThreeSym', style='normal', variant='normal', weight=400, stretch='normal', size='scalable')) = 10.05
[2024-05-27 00:01:01,124] [139989886265152] DEBUG	font_manager.py - _findfont_cached:1476 -> findfont: score(FontEntry(fname='/usr/local/lib/python3.9/site-packages/matplotlib/mpl-data/fonts/ttf/STIXSizOneSymReg.ttf', name='STIXSizeOneSym', style='normal', variant='normal', weight=400, stretch='normal', size='scalable')) = 10.05
[2024-05-27 00:01:01,124] [139989886265152] DEBUG	font_manager.py - _findfont_cached:1476 -> findfont: score(FontEntry(fname='/usr/local/lib/python3.9/site-packages/matplotlib/mpl-data/fonts/ttf/DejaVuSansMono-Oblique.ttf', name='DejaVu Sans Mono', style='oblique', variant='normal', weight=400, stretch='normal', size='scalable')) = 11.05
[2024-05-27 00:01:01,125] [139989886265152] DEBUG	font_manager.py - _findfont_cached:1476 -> findfont: score(FontEntry(fname='/usr/local/lib/python3.9/site-packages/matplotlib/mpl-data/fonts/ttf/STIXSizTwoSymBol.ttf', name='STIXSizeTwoSym', style='normal', variant='normal', weight=700, stretch='normal', size='scalable')) = 10.335
[2024-05-27 00:01:01,125] [139989886265152] DEBUG	font_manager.py - _findfont_cached:1476 -> findfont: score(FontEntry(fname='/usr/local/lib/python3.9/site-packages/matplotlib/mpl-data/fonts/ttf/DejaVuSansMono-Bold.ttf', name='DejaVu Sans Mono', style='normal', variant='normal', weight=700, stretch='normal', size='scalable')) = 10.335
[2024-05-27 00:01:01,126] [139989886265152] DEBUG	font_manager.py - _findfont_cached:1476 -> findfont: score(FontEntry(fname='/usr/local/lib/python3.9/site-packages/matplotlib/mpl-data/fonts/ttf/DejaVuSerif-BoldItalic.ttf', name='DejaVu Serif', style='italic', variant='normal', weight=700, stretch='normal', size='scalable')) = 11.335
[2024-05-27 00:01:01,126] [139989886265152] DEBUG	font_manager.py - _findfont_cached:1476 -> findfont: score(FontEntry(fname='/usr/local/lib/python3.9/site-packages/matplotlib/mpl-data/fonts/ttf/STIXSizFourSymReg.ttf', name='STIXSizeFourSym', style='normal', variant='normal', weight=400, stretch='normal', size='scalable')) = 10.05
[2024-05-27 00:01:01,126] [139989886265152] DEBUG	font_manager.py - _findfont_cached:1476 -> findfont: score(FontEntry(fname='/usr/local/lib/python3.9/site-packages/matplotlib/mpl-data/fonts/ttf/cmex10.ttf', name='cmex10', style='normal', variant='normal', weight=400, stretch='normal', size='scalable')) = 10.05
[2024-05-27 00:01:01,127] [139989886265152] DEBUG	font_manager.py - _findfont_cached:1476 -> findfont: score(FontEntry(fname='/usr/local/lib/python3.9/site-packages/matplotlib/mpl-data/fonts/ttf/STIXNonUniIta.ttf', name='STIXNonUnicode', style='italic', variant='normal', weight=400, stretch='normal', size='scalable')) = 11.05
[2024-05-27 00:01:01,127] [139989886265152] DEBUG	font_manager.py - _findfont_cached:1476 -> findfont: score(FontEntry(fname='/usr/local/lib/python3.9/site-packages/matplotlib/mpl-data/fonts/ttf/STIXSizTwoSymReg.ttf', name='STIXSizeTwoSym', style='normal', variant='normal', weight=400, stretch='normal', size='scalable')) = 10.05
[2024-05-27 00:01:01,127] [139989886265152] DEBUG	font_manager.py - _findfont_cached:1476 -> findfont: score(FontEntry(fname='/usr/local/lib/python3.9/site-packages/matplotlib/mpl-data/fonts/ttf/STIXSizOneSymBol.ttf', name='STIXSizeOneSym', style='normal', variant='normal', weight=700, stretch='normal', size='scalable')) = 10.335
[2024-05-27 00:01:01,128] [139989886265152] DEBUG	font_manager.py - _findfont_cached:1476 -> findfont: score(FontEntry(fname='/usr/local/lib/python3.9/site-packages/matplotlib/mpl-data/fonts/ttf/DejaVuSans-Bold.ttf', name='DejaVu Sans', style='normal', variant='normal', weight=700, stretch='normal', size='scalable')) = 0.33499999999999996
[2024-05-27 00:01:01,128] [139989886265152] DEBUG	font_manager.py - _findfont_cached:1476 -> findfont: score(FontEntry(fname='/usr/local/lib/python3.9/site-packages/matplotlib/mpl-data/fonts/ttf/DejaVuSerifDisplay.ttf', name='DejaVu Serif Display', style='normal', variant='normal', weight=400, stretch='normal', size='scalable')) = 10.05
[2024-05-27 00:01:01,129] [139989886265152] DEBUG	font_manager.py - _findfont_cached:1476 -> findfont: score(FontEntry(fname='/usr/local/lib/python3.9/site-packages/matplotlib/mpl-data/fonts/ttf/STIXSizFiveSymReg.ttf', name='STIXSizeFiveSym', style='normal', variant='normal', weight=400, stretch='normal', size='scalable')) = 10.05
[2024-05-27 00:01:01,129] [139989886265152] DEBUG	font_manager.py - _findfont_cached:1476 -> findfont: score(FontEntry(fname='/usr/local/lib/python3.9/site-packages/matplotlib/mpl-data/fonts/ttf/DejaVuSansDisplay.ttf', name='DejaVu Sans Display', style='normal', variant='normal', weight=400, stretch='normal', size='scalable')) = 10.05
[2024-05-27 00:01:01,130] [139989886265152] DEBUG	font_manager.py - _findfont_cached:1476 -> findfont: score(FontEntry(fname='/usr/local/lib/python3.9/site-packages/matplotlib/mpl-data/fonts/ttf/DejaVuSans-BoldOblique.ttf', name='DejaVu Sans', style='oblique', variant='normal', weight=700, stretch='normal', size='scalable')) = 1.335
[2024-05-27 00:01:01,131] [139989886265152] DEBUG	font_manager.py - _findfont_cached:1476 -> findfont: score(FontEntry(fname='/usr/local/lib/python3.9/site-packages/matplotlib/mpl-data/fonts/ttf/DejaVuSansMono.ttf', name='DejaVu Sans Mono', style='normal', variant='normal', weight=400, stretch='normal', size='scalable')) = 10.05
[2024-05-27 00:01:01,140] [139989886265152] DEBUG	font_manager.py - _findfont_cached:1476 -> findfont: score(FontEntry(fname='/usr/local/lib/python3.9/site-packages/matplotlib/mpl-data/fonts/ttf/STIXNonUniBol.ttf', name='STIXNonUnicode', style='normal', variant='normal', weight=700, stretch='normal', size='scalable')) = 10.335
[2024-05-27 00:01:01,141] [139989886265152] DEBUG	font_manager.py - _findfont_cached:1476 -> findfont: score(FontEntry(fname='/usr/local/lib/python3.9/site-packages/matplotlib/mpl-data/fonts/ttf/cmtt10.ttf', name='cmtt10', style='normal', variant='normal', weight=400, stretch='normal', size='scalable')) = 10.05
[2024-05-27 00:01:01,142] [139989886265152] DEBUG	font_manager.py - _findfont_cached:1476 -> findfont: score(FontEntry(fname='/usr/local/lib/python3.9/site-packages/matplotlib/mpl-data/fonts/ttf/DejaVuSans.ttf', name='DejaVu Sans', style='normal', variant='normal', weight=400, stretch='normal', size='scalable')) = 0.05
[2024-05-27 00:01:01,142] [139989886265152] DEBUG	font_manager.py - _findfont_cached:1476 -> findfont: score(FontEntry(fname='/usr/local/lib/python3.9/site-packages/matplotlib/mpl-data/fonts/ttf/STIXSizFourSymBol.ttf', name='STIXSizeFourSym', style='normal', variant='normal', weight=700, stretch='normal', size='scalable')) = 10.335
[2024-05-27 00:01:01,144] [139989886265152] DEBUG	font_manager.py - _findfont_cached:1476 -> findfont: score(FontEntry(fname='/usr/local/lib/python3.9/site-packages/matplotlib/mpl-data/fonts/ttf/STIXGeneralBol.ttf', name='STIXGeneral', style='normal', variant='normal', weight=700, stretch='normal', size='scalable')) = 10.335
[2024-05-27 00:01:01,144] [139989886265152] DEBUG	font_manager.py - _findfont_cached:1476 -> findfont: score(FontEntry(fname='/usr/local/lib/python3.9/site-packages/matplotlib/mpl-data/fonts/ttf/cmss10.ttf', name='cmss10', style='normal', variant='normal', weight=400, stretch='normal', size='scalable')) = 10.05
[2024-05-27 00:01:01,145] [139989886265152] DEBUG	font_manager.py - _findfont_cached:1476 -> findfont: score(FontEntry(fname='/usr/local/lib/python3.9/site-packages/matplotlib/mpl-data/fonts/ttf/DejaVuSerif-Italic.ttf', name='DejaVu Serif', style='italic', variant='normal', weight=400, stretch='normal', size='scalable')) = 11.05
[2024-05-27 00:01:01,145] [139989886265152] DEBUG	font_manager.py - _findfont_cached:1476 -> findfont: score(FontEntry(fname='/usr/local/lib/python3.9/site-packages/matplotlib/mpl-data/fonts/ttf/STIXGeneralItalic.ttf', name='STIXGeneral', style='italic', variant='normal', weight=400, stretch='normal', size='scalable')) = 11.05
[2024-05-27 00:01:01,145] [139989886265152] DEBUG	font_manager.py - _findfont_cached:1476 -> findfont: score(FontEntry(fname='/usr/local/lib/python3.9/site-packages/matplotlib/mpl-data/fonts/ttf/DejaVuSerif.ttf', name='DejaVu Serif', style='normal', variant='normal', weight=400, stretch='normal', size='scalable')) = 10.05
[2024-05-27 00:01:01,146] [139989886265152] DEBUG	font_manager.py - _findfont_cached:1476 -> findfont: score(FontEntry(fname='/usr/local/lib/python3.9/site-packages/matplotlib/mpl-data/fonts/ttf/STIXGeneral.ttf', name='STIXGeneral', style='normal', variant='normal', weight=400, stretch='normal', size='scalable')) = 10.05
[2024-05-27 00:01:01,146] [139989886265152] DEBUG	font_manager.py - _findfont_cached:1476 -> findfont: score(FontEntry(fname='/usr/local/lib/python3.9/site-packages/matplotlib/mpl-data/fonts/ttf/STIXNonUni.ttf', name='STIXNonUnicode', style='normal', variant='normal', weight=400, stretch='normal', size='scalable')) = 10.05
[2024-05-27 00:01:01,147] [139989886265152] DEBUG	font_manager.py - _findfont_cached:1476 -> findfont: score(FontEntry(fname='/usr/local/lib/python3.9/site-packages/matplotlib/mpl-data/fonts/ttf/cmsy10.ttf', name='cmsy10', style='normal', variant='normal', weight=400, stretch='normal', size='scalable')) = 10.05
[2024-05-27 00:01:01,147] [139989886265152] DEBUG	font_manager.py - _findfont_cached:1476 -> findfont: score(FontEntry(fname='/usr/local/lib/python3.9/site-packages/matplotlib/mpl-data/fonts/ttf/STIXNonUniBolIta.ttf', name='STIXNonUnicode', style='italic', variant='normal', weight=700, stretch='normal', size='scalable')) = 11.335
[2024-05-27 00:01:01,148] [139989886265152] DEBUG	font_manager.py - _findfont_cached:1476 -> findfont: score(FontEntry(fname='/usr/local/lib/python3.9/site-packages/matplotlib/mpl-data/fonts/ttf/DejaVuSansMono-BoldOblique.ttf', name='DejaVu Sans Mono', style='oblique', variant='normal', weight=700, stretch='normal', size='scalable')) = 11.335
[2024-05-27 00:01:01,148] [139989886265152] DEBUG	font_manager.py - _findfont_cached:1476 -> findfont: score(FontEntry(fname='/usr/local/lib/python3.9/site-packages/matplotlib/mpl-data/fonts/ttf/cmb10.ttf', name='cmb10', style='normal', variant='normal', weight=400, stretch='normal', size='scalable')) = 10.05
[2024-05-27 00:01:01,149] [139989886265152] DEBUG	font_manager.py - _findfont_cached:1476 -> findfont: score(FontEntry(fname='/usr/local/lib/python3.9/site-packages/matplotlib/mpl-data/fonts/ttf/cmr10.ttf', name='cmr10', style='normal', variant='normal', weight=400, stretch='normal', size='scalable')) = 10.05
[2024-05-27 00:01:01,149] [139989886265152] DEBUG	font_manager.py - _findfont_cached:1476 -> findfont: score(FontEntry(fname='/usr/share/fonts/truetype/dejavu/DejaVuSans-Bold.ttf', name='DejaVu Sans', style='normal', variant='normal', weight=700, stretch='normal', size='scalable')) = 0.33499999999999996
[2024-05-27 00:01:01,150] [139989886265152] DEBUG	font_manager.py - _findfont_cached:1476 -> findfont: score(FontEntry(fname='/usr/share/fonts/truetype/dejavu/DejaVuSansMono-Bold.ttf', name='DejaVu Sans Mono', style='normal', variant='normal', weight=700, stretch='normal', size='scalable')) = 10.335
[2024-05-27 00:01:01,151] [139989886265152] DEBUG	font_manager.py - _findfont_cached:1476 -> findfont: score(FontEntry(fname='/usr/share/fonts/truetype/dejavu/DejaVuSansMono.ttf', name='DejaVu Sans Mono', style='normal', variant='normal', weight=400, stretch='normal', size='scalable')) = 10.05
[2024-05-27 00:01:01,151] [139989886265152] DEBUG	font_manager.py - _findfont_cached:1476 -> findfont: score(FontEntry(fname='/usr/share/fonts/truetype/dejavu/DejaVuSerif.ttf', name='DejaVu Serif', style='normal', variant='normal', weight=400, stretch='normal', size='scalable')) = 10.05
[2024-05-27 00:01:01,151] [139989886265152] DEBUG	font_manager.py - _findfont_cached:1476 -> findfont: score(FontEntry(fname='/usr/share/fonts/truetype/dejavu/DejaVuSans.ttf', name='DejaVu Sans', style='normal', variant='normal', weight=400, stretch='normal', size='scalable')) = 0.05
[2024-05-27 00:01:01,152] [139989886265152] DEBUG	font_manager.py - _findfont_cached:1476 -> findfont: score(FontEntry(fname='/usr/share/fonts/truetype/dejavu/DejaVuSerif-Bold.ttf', name='DejaVu Serif', style='normal', variant='normal', weight=700, stretch='normal', size='scalable')) = 10.335
[2024-05-27 00:01:01,152] [139989886265152] DEBUG	font_manager.py - _findfont_cached:1502 -> findfont: Matching sans\-serif:style=normal:variant=normal:weight=normal:stretch=normal:size=12.0 to DejaVu Sans ('/usr/local/lib/python3.9/site-packages/matplotlib/mpl-data/fonts/ttf/DejaVuSans.ttf') with score of 0.050000.
[2024-05-27 00:01:01,485] [139989886265152] DEBUG	logging.py - wrapper:129 -> [START] /usr/local/lib/python3.9/site-packages/ait_sdk/common/files/ait_output.py[261]:add_resource(<ait_sdk.common.files.ait_output.AITOutput object at 0x7f51d0e37ac0>)
[2024-05-27 00:01:01,486] [139989886265152] DEBUG	logging.py - wrapper:137 -> [END] /usr/local/lib/python3.9/site-packages/ait_sdk/common/files/ait_output.py[261]:add_resource()
[2024-05-27 00:01:01,486] [139989886265152] DEBUG	logging.py - wrapper:135 -> [END] /usr/local/lib/python3.9/site-packages/ait_sdk/develop/annotation.py[20]:combination_counts_plot() = /usr/local/qai/mnt/ip/job_result/1/1/resources/combination_counts_plot/combination_counts_plot.jpg
[2024-05-27 00:01:01,487] [139989886265152] DEBUG	logging.py - wrapper:129 -> [START] /usr/local/lib/python3.9/site-packages/ait_sdk/develop/annotation.py[23]:alyz_result({('Road type', 'Weather'): {('General way', 'Fine'): 1529, ('Highway', 'Fine'): 213, ('General way', 'Cloudy'): 99, ('Under bridge/FO', 'Fine'): 60, ('General way', 'Rainy'): 57, ('Parking lot/Gas station', 'Fine'): 14, ('Highway', 'Cloudy'): 13, ('Undefined', 'Undefined'): 9, ('General way', 'Undefined'): 7, ('General way', 'Snowy'): 7, ('Undefined', 'Fine'): 7, ('Highway', 'Rainy'): 5, ('Parking lot/Gas station', 'Cloudy'): 3, ('Highway', 'Undefined'): 2, ('Tunnel', 'Fine'): 2, ('Tunnel', 'Undefined'): 2, ('General way', 'Foggy'): 2, ('Parking lot/Gas station', 'Snowy'): 1, ('Parking lot/Gas station', 'Undefined'): 1, ('Undefined', 'Cloudy'): 1, ('Under bridge/FO', 'Cloudy'): 1, ('Under bridge/FO', 'Undefined'): 1}, ('Road type', 'Lighting'): {('General way', 'Normal'): 891, ('General way', 'Low'): 731, ('Highway', 'Normal'): 129, ('General way', 'High'): 79, ('Highway', 'Low'): 77, ('Under bridge/FO', 'Normal'): 42, ('Highway', 'High'): 27, ('Under bridge/FO', 'Low'): 20, ('Undefined', 'Low'): 17, ('Parking lot/Gas station', 'Normal'): 16, ('Parking lot/Gas station', 'Low'): 3, ('Tunnel', 'Low'): 2, ('Tunnel', 'Normal'): 2}, ('Road type', 'Obstacle'): {('General way', 'Vehicle'): 47, ('General way', 'Others'): 31, ('General way', 'Not sure'): 2, ('Highway', 'Others'): 2, ('Parking lot/Gas station', 'Others'): 2, ('Parking lot/Gas station', 'Vehicle'): 2, ('Highway', 'Vehicle'): 1, ('Undefined', 'Not sure'): 1, ('Undefined', 'Undefined'): 1, ('Under bridge/FO', 'Others'): 1, ('Under bridge/FO', 'Vehicle'): 1}, ('Weather', 'Lighting'): {('Fine', 'Normal'): 927, ('Fine', 'Low'): 792, ('Fine', 'High'): 106, ('Cloudy', 'Normal'): 105, ('Rainy', 'Normal'): 37, ('Rainy', 'Low'): 25, ('Undefined', 'Low'): 20, ('Cloudy', 'Low'): 12, ('Snowy', 'Normal'): 7, ('Foggy', 'Normal'): 2, ('Undefined', 'Normal'): 2, ('Snowy', 'Low'): 1}, ('Weather', 'Obstacle'): {('Fine', 'Vehicle'): 44, ('Fine', 'Others'): 33, ('Cloudy', 'Vehicle'): 4, ('Rainy', 'Vehicle'): 3, ('Undefined', 'Not sure'): 2, ('Cloudy', 'Not sure'): 1, ('Cloudy', 'Others'): 1, ('Cloudy', 'Undefined'): 1, ('Rainy', 'Others'): 1, ('Undefined', 'Others'): 1}, ('Lighting', 'Obstacle'): {('Normal', 'Vehicle'): 35, ('Normal', 'Others'): 24, ('Low', 'Vehicle'): 15, ('Low', 'Others'): 11, ('Low', 'Not sure'): 2, ('High', 'Others'): 1, ('High', 'Vehicle'): 1, ('Low', 'Undefined'): 1, ('Normal', 'Not sure'): 1}})
[2024-05-27 00:01:01,487] [139989886265152] DEBUG	logging.py - wrapper:129 -> [START] /usr/local/lib/python3.9/site-packages/ait_sdk/develop/ait_path_helper.py[334]:get_output_download_path(<ait_sdk.develop.ait_path_helper.AITPathHelper object at 0x7f51d0e377c0>,combination_counts_detail)
[2024-05-27 00:01:01,488] [139989886265152] DEBUG	logging.py - wrapper:129 -> [START] /usr/local/lib/python3.9/site-packages/ait_sdk/develop/ait_path_helper.py[145]:_get_result_dir_path(<ait_sdk.develop.ait_path_helper.AITPathHelper object at 0x7f51d0e377c0>)
[2024-05-27 00:01:01,488] [139989886265152] DEBUG	logging.py - wrapper:129 -> [START] /usr/local/lib/python3.9/site-packages/ait_sdk/common/files/ait_input.py[103]:get_mount_dir_path(<ait_sdk.common.files.ait_input.AITInput object at 0x7f51d0e37a60>)
[2024-05-27 00:01:01,489] [139989886265152] DEBUG	logging.py - wrapper:135 -> [END] /usr/local/lib/python3.9/site-packages/ait_sdk/common/files/ait_input.py[103]:get_mount_dir_path() = /usr/local/qai/mnt
[2024-05-27 00:01:01,489] [139989886265152] DEBUG	logging.py - wrapper:129 -> [START] /usr/local/lib/python3.9/site-packages/ait_sdk/common/files/ait_input.py[104]:get_job_id(<ait_sdk.common.files.ait_input.AITInput object at 0x7f51d0e37a60>)
[2024-05-27 00:01:01,489] [139989886265152] DEBUG	logging.py - wrapper:135 -> [END] /usr/local/lib/python3.9/site-packages/ait_sdk/common/files/ait_input.py[104]:get_job_id() = 1
[2024-05-27 00:01:01,489] [139989886265152] DEBUG	logging.py - wrapper:129 -> [START] /usr/local/lib/python3.9/site-packages/ait_sdk/common/files/ait_input.py[105]:get_run_id(<ait_sdk.common.files.ait_input.AITInput object at 0x7f51d0e37a60>)
[2024-05-27 00:01:01,490] [139989886265152] DEBUG	logging.py - wrapper:135 -> [END] /usr/local/lib/python3.9/site-packages/ait_sdk/common/files/ait_input.py[105]:get_run_id() = 1
[2024-05-27 00:01:01,490] [139989886265152] DEBUG	logging.py - wrapper:135 -> [END] /usr/local/lib/python3.9/site-packages/ait_sdk/develop/ait_path_helper.py[145]:_get_result_dir_path() = /usr/local/qai/mnt/ip/job_result/1/1
[2024-05-27 00:01:01,490] [139989886265152] DEBUG	logging.py - wrapper:135 -> [END] /usr/local/lib/python3.9/site-packages/ait_sdk/develop/ait_path_helper.py[334]:get_output_download_path() = /usr/local/qai/mnt/ip/job_result/1/1/downloads/combination_counts_detail/
[2024-05-27 00:01:01,506] [139989886265152] DEBUG	logging.py - wrapper:129 -> [START] /usr/local/lib/python3.9/site-packages/ait_sdk/common/files/ait_output.py[352]:add_downloads(<ait_sdk.common.files.ait_output.AITOutput object at 0x7f51d0e37ac0>)
[2024-05-27 00:01:01,507] [139989886265152] DEBUG	logging.py - wrapper:137 -> [END] /usr/local/lib/python3.9/site-packages/ait_sdk/common/files/ait_output.py[352]:add_downloads()
[2024-05-27 00:01:01,508] [139989886265152] DEBUG	logging.py - wrapper:137 -> [END] /usr/local/lib/python3.9/site-packages/ait_sdk/develop/annotation.py[23]:alyz_result()
[2024-05-27 00:01:01,508] [139989886265152] DEBUG	logging.py - wrapper:129 -> [START] /usr/local/lib/python3.9/site-packages/ait_sdk/develop/annotation.py[25]:move_log()
[2024-05-27 00:01:01,508] [139989886265152] DEBUG	logging.py - wrapper:129 -> [START] /usr/local/lib/python3.9/site-packages/ait_sdk/develop/ait_path_helper.py[334]:get_output_download_path(<ait_sdk.develop.ait_path_helper.AITPathHelper object at 0x7f51d0e377c0>,Log)
[2024-05-27 00:01:01,509] [139989886265152] DEBUG	logging.py - wrapper:129 -> [START] /usr/local/lib/python3.9/site-packages/ait_sdk/develop/ait_path_helper.py[145]:_get_result_dir_path(<ait_sdk.develop.ait_path_helper.AITPathHelper object at 0x7f51d0e377c0>)
[2024-05-27 00:01:01,509] [139989886265152] DEBUG	logging.py - wrapper:129 -> [START] /usr/local/lib/python3.9/site-packages/ait_sdk/common/files/ait_input.py[103]:get_mount_dir_path(<ait_sdk.common.files.ait_input.AITInput object at 0x7f51d0e37a60>)
[2024-05-27 00:01:01,509] [139989886265152] DEBUG	logging.py - wrapper:135 -> [END] /usr/local/lib/python3.9/site-packages/ait_sdk/common/files/ait_input.py[103]:get_mount_dir_path() = /usr/local/qai/mnt
[2024-05-27 00:01:01,509] [139989886265152] DEBUG	logging.py - wrapper:129 -> [START] /usr/local/lib/python3.9/site-packages/ait_sdk/common/files/ait_input.py[104]:get_job_id(<ait_sdk.common.files.ait_input.AITInput object at 0x7f51d0e37a60>)
[2024-05-27 00:01:01,510] [139989886265152] DEBUG	logging.py - wrapper:135 -> [END] /usr/local/lib/python3.9/site-packages/ait_sdk/common/files/ait_input.py[104]:get_job_id() = 1
[2024-05-27 00:01:01,510] [139989886265152] DEBUG	logging.py - wrapper:129 -> [START] /usr/local/lib/python3.9/site-packages/ait_sdk/common/files/ait_input.py[105]:get_run_id(<ait_sdk.common.files.ait_input.AITInput object at 0x7f51d0e37a60>)
[2024-05-27 00:01:01,510] [139989886265152] DEBUG	logging.py - wrapper:135 -> [END] /usr/local/lib/python3.9/site-packages/ait_sdk/common/files/ait_input.py[105]:get_run_id() = 1
[2024-05-27 00:01:01,510] [139989886265152] DEBUG	logging.py - wrapper:135 -> [END] /usr/local/lib/python3.9/site-packages/ait_sdk/develop/ait_path_helper.py[145]:_get_result_dir_path() = /usr/local/qai/mnt/ip/job_result/1/1
[2024-05-27 00:01:01,511] [139989886265152] DEBUG	logging.py - wrapper:135 -> [END] /usr/local/lib/python3.9/site-packages/ait_sdk/develop/ait_path_helper.py[334]:get_output_download_path() = /usr/local/qai/mnt/ip/job_result/1/1/downloads/Log/
